<?xml version="1.0" encoding="UTF-8"?>
<testsuite xmlns:xsi="http://www.w3.org/2001/XMLSchema-instance" xsi:noNamespaceSchemaLocation="https://maven.apache.org/surefire/maven-surefire-plugin/xsd/surefire-test-report.xsd" name="com.an.apigw.ApiGwApplicationTests" time="11.117" tests="2" errors="0" skipped="0" failures="0">
  <properties>
[...]
</properties>
  <testcase name="testAccountServiceFail" classname="com.an.apigw.ApiGwApplicationTests" time="3.116"/>
  <testcase name="testAccountService" classname="com.an.apigw.ApiGwApplicationTests" time="0.041"/>
</testsuite>